<?xml version="1.0" encoding="UTF-8"?>
<testsuites name="Mocha Tests" time="0.0000" tests="2" failures="2">
  <testsuite name="Root Suite" timestamp="2021-03-19T19:08:54" tests="0" file="cypress/integration/WebcamComponent.spec.jsx" time="0.0000" failures="0">
  </testsuite>
  <testsuite name="Webcam component" timestamp="2021-03-19T19:08:54" tests="2" time="0.0000" failures="2">
    <testcase name="Webcam component adjusts framerate &amp; resolution when tensorflow runs on GPU" time="0.0000" classname="adjusts framerate &amp; resolution when tensorflow runs on GPU">
      <failure message="The chainer `be` is a language chainer provided to improve the readability of your assertions, not an actual assertion. Please provide a valid assertion.

https://on.cypress.io/assertions" type="CypressError"><![CDATA[CypressError: The chainer `be` is a language chainer provided to improve the readability of your assertions, not an actual assertion. Please provide a valid assertion.

https://on.cypress.io/assertions
    at cypressErr (http://localhost:3000/__cypress/runner/cypress_runner.js:174213:18)
    at Object.cypressErrByPath (http://localhost:3000/__cypress/runner/cypress_runner.js:174219:10)
    at http://localhost:3000/__cypress/runner/cypress_runner.js:156033:27
    at arrayReduce (http://localhost:3000/__cypress/runner/cypress_runner.js:26206:21)
    at Function.reduce (http://localhost:3000/__cypress/runner/cypress_runner.js:35230:14)
    at applyChainers (http://localhost:3000/__cypress/runner/cypress_runner.js:156019:24)
    at tryCatcher (http://localhost:3000/__cypress/runner/cypress_runner.js:10765:23)
    at Function.Promise.attempt.Promise.try (http://localhost:3000/__cypress/runner/cypress_runner.js:8039:29)
    at Context.shouldFn (http://localhost:3000/__cypress/runner/cypress_runner.js:156048:23)
    at Context.should (http://localhost:3000/__cypress/runner/cypress_runner.js:156066:23)
    at http://localhost:3000/__cypress/runner/cypress_runner.js:151738:39
    at assertions (http://localhost:3000/__cypress/runner/cypress_runner.js:151990:14)
    at tryCatcher (http://localhost:3000/__cypress/runner/cypress_runner.js:10765:23)
    at Object.gotValue (http://localhost:3000/__cypress/runner/cypress_runner.js:9909:18)
    at Object.gotAccum (http://localhost:3000/__cypress/runner/cypress_runner.js:9896:25)
    at Object.tryCatcher (http://localhost:3000/__cypress/runner/cypress_runner.js:10765:23)
From Your Spec Code:
    at Context.eval (http://localhost:3000/__cypress/tests?p=cypress/integration/WebcamComponent.spec.jsx:131:62)]]></failure>
    </testcase>
    <testcase name="Webcam component adjusts framerate &amp; resolution when tensorflow runs on CPU" time="0.0000" classname="adjusts framerate &amp; resolution when tensorflow runs on CPU">
      <failure message="The chainer `be` is a language chainer provided to improve the readability of your assertions, not an actual assertion. Please provide a valid assertion.

https://on.cypress.io/assertions" type="CypressError"><![CDATA[CypressError: The chainer `be` is a language chainer provided to improve the readability of your assertions, not an actual assertion. Please provide a valid assertion.

https://on.cypress.io/assertions
    at cypressErr (http://localhost:3000/__cypress/runner/cypress_runner.js:174213:18)
    at Object.cypressErrByPath (http://localhost:3000/__cypress/runner/cypress_runner.js:174219:10)
    at http://localhost:3000/__cypress/runner/cypress_runner.js:156033:27
    at arrayReduce (http://localhost:3000/__cypress/runner/cypress_runner.js:26206:21)
    at Function.reduce (http://localhost:3000/__cypress/runner/cypress_runner.js:35230:14)
    at applyChainers (http://localhost:3000/__cypress/runner/cypress_runner.js:156019:24)
    at tryCatcher (http://localhost:3000/__cypress/runner/cypress_runner.js:10765:23)
    at Function.Promise.attempt.Promise.try (http://localhost:3000/__cypress/runner/cypress_runner.js:8039:29)
    at Context.shouldFn (http://localhost:3000/__cypress/runner/cypress_runner.js:156048:23)
    at Context.should (http://localhost:3000/__cypress/runner/cypress_runner.js:156066:23)
    at http://localhost:3000/__cypress/runner/cypress_runner.js:151738:39
    at assertions (http://localhost:3000/__cypress/runner/cypress_runner.js:151990:14)
    at tryCatcher (http://localhost:3000/__cypress/runner/cypress_runner.js:10765:23)
    at Object.gotValue (http://localhost:3000/__cypress/runner/cypress_runner.js:9909:18)
    at Object.gotAccum (http://localhost:3000/__cypress/runner/cypress_runner.js:9896:25)
    at Object.tryCatcher (http://localhost:3000/__cypress/runner/cypress_runner.js:10765:23)
From Your Spec Code:
    at Context.eval (http://localhost:3000/__cypress/tests?p=cypress/integration/WebcamComponent.spec.jsx:148:62)]]></failure>
    </testcase>
  </testsuite>
</testsuites>